D:\PROJECTS\ASU\ICPDAS\TMMINIOS\TMMINIOS\RELEASE\USERLOOPFUN.OBJ
D:\PROJECTS\ASU\ICPDAS\TMMINIOS\TMMINIOS\RELEASE\USERINIT.OBJ
D:\PROJECTS\ASU\ICPDAS\TMMINIOS\TMMINIOS\RELEASE\USERCOUNT.OBJ
D:\PROJECTS\ASU\ICPDAS\TMMINIOS\TMMINIOS\RELEASE\TCPMODBUSEVENTSHANDLER.OBJ
D:\PROJECTS\ASU\ICPDAS\TMMINIOS\TMMINIOS\RELEASE\SLAVEFACTORY.OBJ
D:\PROJECTS\ASU\ICPDAS\TMMINIOS\TMMINIOS\RELEASE\SLAVEADDRESSHANDLER.OBJ
D:\PROJECTS\ASU\ICPDAS\TMMINIOS\TMMINIOS\RELEASE\PROPERTYCLASSES.OBJ
D:\PROJECTS\ASU\ICPDAS\TMMINIOS\TMMINIOS\RELEASE\PROPERTY.OBJ
D:\PROJECTS\ASU\ICPDAS\TMMINIOS\TMMINIOS\RELEASE\MAIN.OBJ
D:\PROJECTS\ASU\ICPDAS\TMMINIOS\TMMINIOS\RELEASE\EVENTCLASSES.OBJ
D:\PROJECTS\ASU\ICPDAS\TMMINIOS\TMMINIOS\RELEASE\EVENT.OBJ
D:\PROJECTS\ASU\ICPDAS\TMMINIOS\TMMINIOS\RELEASE\EEPROMSETTINGS.OBJ
D:\PROJECTS\ASU\ICPDAS\TMMINIOS\TMMINIOS\RELEASE\DEVICECLASSES.OBJ
D:\PROJECTS\ASU\ICPDAS\TMMINIOS\TMMINIOS\RELEASE\CYCLECONTROLLER.OBJ
D:\PROJECTS\ASU\ICPDAS\TMMINIOS\TMMINIOS\RELEASE\ABSTACTDEVICE.OBJ
D:\PROJECTS\ASU\ICPDAS\TMMINIOS\TMMINIOS\RELEASE\VC110.PDB
D:\PROJECTS\ASU\ICPDAS\TMMINIOS\TMMINIOS\RELEASE\V7000.OBJ
D:\PROJECTS\ASU\ICPDAS\TMMINIOS\RELEASE\TMMINIOS.EXE
D:\PROJECTS\ASU\ICPDAS\TMMINIOS\RELEASE\TMMINIOS.PDB
D:\Projects\ASU\ICPDAS\TMMiniOS\TMMiniOS\Release\AbstactDevice.obj
D:\Projects\ASU\ICPDAS\TMMiniOS\TMMiniOS\Release\CycleController.obj
D:\Projects\ASU\ICPDAS\TMMiniOS\TMMiniOS\Release\DeviceClasses.obj
D:\Projects\ASU\ICPDAS\TMMiniOS\TMMiniOS\Release\EEpromSettings.obj
D:\Projects\ASU\ICPDAS\TMMiniOS\TMMiniOS\Release\Event.obj
D:\Projects\ASU\ICPDAS\TMMiniOS\TMMiniOS\Release\EventClasses.obj
D:\Projects\ASU\ICPDAS\TMMiniOS\TMMiniOS\Release\main.obj
D:\Projects\ASU\ICPDAS\TMMiniOS\TMMiniOS\Release\Property.obj
D:\Projects\ASU\ICPDAS\TMMiniOS\TMMiniOS\Release\PropertyClasses.obj
D:\Projects\ASU\ICPDAS\TMMiniOS\TMMiniOS\Release\SlaveAddressHandler.obj
D:\Projects\ASU\ICPDAS\TMMiniOS\TMMiniOS\Release\SlaveFactory.obj
D:\Projects\ASU\ICPDAS\TMMiniOS\TMMiniOS\Release\TcpModbusEventsHandler.obj
D:\Projects\ASU\ICPDAS\TMMiniOS\TMMiniOS\Release\UserCount.obj
D:\Projects\ASU\ICPDAS\TMMiniOS\TMMiniOS\Release\UserInit.obj
D:\Projects\ASU\ICPDAS\TMMiniOS\TMMiniOS\Release\UserLoopFun.obj
D:\Projects\ASU\ICPDAS\TMMiniOS\TMMiniOS\Release\v7000.obj
D:\Projects\ASU\ICPDAS\TMMiniOS\TMMiniOS\Release\cl.command.1.tlog
D:\Projects\ASU\ICPDAS\TMMiniOS\TMMiniOS\Release\CL.read.1.tlog
D:\Projects\ASU\ICPDAS\TMMiniOS\TMMiniOS\Release\CL.write.1.tlog
D:\Projects\ASU\ICPDAS\TMMiniOS\TMMiniOS\Release\link-cvtres.read.1.tlog
D:\Projects\ASU\ICPDAS\TMMiniOS\TMMiniOS\Release\link-cvtres.write.1.tlog
D:\Projects\ASU\ICPDAS\TMMiniOS\TMMiniOS\Release\link-rc.read.1.tlog
D:\Projects\ASU\ICPDAS\TMMiniOS\TMMiniOS\Release\link-rc.write.1.tlog
D:\Projects\ASU\ICPDAS\TMMiniOS\TMMiniOS\Release\link.command.1.tlog
D:\Projects\ASU\ICPDAS\TMMiniOS\TMMiniOS\Release\link.read.1.tlog
D:\Projects\ASU\ICPDAS\TMMiniOS\TMMiniOS\Release\link.write.1.tlog
D:\Projects\ASU\ICPDAS\TMMiniOS\TMMiniOS\Release\vc110.pdb
D:\Projects\ASU\ICPDAS\TMMiniOS\Release\TMMiniOS.pdb
D:\Projects\ASU\ICPDAS\TMMiniOS\Release\TMMiniOS.exe
