D:\PROJECTS\ASU\ICPDAS\TMMINIOS\TMMINIOS\DEBUG\ABSTACTDEVICE.OBJ
D:\PROJECTS\ASU\ICPDAS\TMMINIOS\TMMINIOS\DEBUG\CYCLECONTROLLER.OBJ
D:\PROJECTS\ASU\ICPDAS\TMMINIOS\TMMINIOS\DEBUG\DEVICECLASSES.OBJ
D:\PROJECTS\ASU\ICPDAS\TMMINIOS\TMMINIOS\DEBUG\EEPROMSETTINGS.OBJ
D:\PROJECTS\ASU\ICPDAS\TMMINIOS\TMMINIOS\DEBUG\EVENT.OBJ
D:\PROJECTS\ASU\ICPDAS\TMMINIOS\TMMINIOS\DEBUG\EVENTCLASSES.OBJ
D:\PROJECTS\ASU\ICPDAS\TMMINIOS\TMMINIOS\DEBUG\MAIN.OBJ
D:\PROJECTS\ASU\ICPDAS\TMMINIOS\TMMINIOS\DEBUG\PROPERTY.OBJ
D:\PROJECTS\ASU\ICPDAS\TMMINIOS\TMMINIOS\DEBUG\PROPERTYCLASSES.OBJ
D:\PROJECTS\ASU\ICPDAS\TMMINIOS\TMMINIOS\DEBUG\SLAVEADDRESSHANDLER.OBJ
D:\PROJECTS\ASU\ICPDAS\TMMINIOS\TMMINIOS\DEBUG\SLAVEFACTORY.OBJ
D:\PROJECTS\ASU\ICPDAS\TMMINIOS\TMMINIOS\DEBUG\TCPMODBUSEVENTSHANDLER.OBJ
D:\PROJECTS\ASU\ICPDAS\TMMINIOS\TMMINIOS\DEBUG\TIME.OBJ
D:\PROJECTS\ASU\ICPDAS\TMMINIOS\TMMINIOS\DEBUG\USERCOUNT.OBJ
D:\PROJECTS\ASU\ICPDAS\TMMINIOS\TMMINIOS\DEBUG\USERINIT.OBJ
D:\PROJECTS\ASU\ICPDAS\TMMINIOS\TMMINIOS\DEBUG\USERLOOPFUN.OBJ
D:\PROJECTS\ASU\ICPDAS\TMMINIOS\TMMINIOS\DEBUG\VC110.PDB
D:\PROJECTS\ASU\ICPDAS\TMMINIOS\TMMINIOS\DEBUG\V7000.OBJ
D:\PROJECTS\ASU\ICPDAS\TMMINIOS\DEBUG\TMMINIOS.ILK
D:\PROJECTS\ASU\ICPDAS\TMMINIOS\DEBUG\TMMINIOS.EXE
D:\PROJECTS\ASU\ICPDAS\TMMINIOS\DEBUG\TMMINIOS.PDB
D:\Projects\ASU\ICPDAS\TMMiniOS\TMMiniOS\Debug\AbstactDevice.obj
D:\Projects\ASU\ICPDAS\TMMiniOS\TMMiniOS\Debug\CycleController.obj
D:\Projects\ASU\ICPDAS\TMMiniOS\TMMiniOS\Debug\DeviceClasses.obj
D:\Projects\ASU\ICPDAS\TMMiniOS\TMMiniOS\Debug\EEpromSettings.obj
D:\Projects\ASU\ICPDAS\TMMiniOS\TMMiniOS\Debug\Event.obj
D:\Projects\ASU\ICPDAS\TMMiniOS\TMMiniOS\Debug\EventClasses.obj
D:\Projects\ASU\ICPDAS\TMMiniOS\TMMiniOS\Debug\main.obj
D:\Projects\ASU\ICPDAS\TMMiniOS\TMMiniOS\Debug\Property.obj
D:\Projects\ASU\ICPDAS\TMMiniOS\TMMiniOS\Debug\PropertyClasses.obj
D:\Projects\ASU\ICPDAS\TMMiniOS\TMMiniOS\Debug\SlaveAddressHandler.obj
D:\Projects\ASU\ICPDAS\TMMiniOS\TMMiniOS\Debug\SlaveFactory.obj
D:\Projects\ASU\ICPDAS\TMMiniOS\TMMiniOS\Debug\TcpModbusEventsHandler.obj
D:\Projects\ASU\ICPDAS\TMMiniOS\TMMiniOS\Debug\Time.obj
D:\Projects\ASU\ICPDAS\TMMiniOS\TMMiniOS\Debug\UserCount.obj
D:\Projects\ASU\ICPDAS\TMMiniOS\TMMiniOS\Debug\UserInit.obj
D:\Projects\ASU\ICPDAS\TMMiniOS\TMMiniOS\Debug\UserLoopFun.obj
D:\Projects\ASU\ICPDAS\TMMiniOS\TMMiniOS\Debug\v7000.obj
D:\Projects\ASU\ICPDAS\TMMiniOS\TMMiniOS\Debug\cl.command.1.tlog
D:\Projects\ASU\ICPDAS\TMMiniOS\TMMiniOS\Debug\CL.read.1.tlog
D:\Projects\ASU\ICPDAS\TMMiniOS\TMMiniOS\Debug\CL.write.1.tlog
D:\Projects\ASU\ICPDAS\TMMiniOS\TMMiniOS\Debug\link-cvtres.read.1.tlog
D:\Projects\ASU\ICPDAS\TMMiniOS\TMMiniOS\Debug\link-cvtres.write.1.tlog
D:\Projects\ASU\ICPDAS\TMMiniOS\TMMiniOS\Debug\link-rc.read.1.tlog
D:\Projects\ASU\ICPDAS\TMMiniOS\TMMiniOS\Debug\link-rc.write.1.tlog
D:\Projects\ASU\ICPDAS\TMMiniOS\TMMiniOS\Debug\link.command.1.tlog
D:\Projects\ASU\ICPDAS\TMMiniOS\TMMiniOS\Debug\link.read.1.tlog
D:\Projects\ASU\ICPDAS\TMMiniOS\TMMiniOS\Debug\link.write.1.tlog
D:\Projects\ASU\ICPDAS\TMMiniOS\TMMiniOS\Debug\vc110.idb
D:\Projects\ASU\ICPDAS\TMMiniOS\TMMiniOS\Debug\vc110.pdb
D:\Projects\ASU\ICPDAS\TMMiniOS\Debug\TMMiniOS.pdb
D:\Projects\ASU\ICPDAS\TMMiniOS\Debug\TMMiniOS.exe
D:\Projects\ASU\ICPDAS\TMMiniOS\Debug\TMMiniOS.ilk
